<!DOCTYPE html PUBLIC "-//W3C//DTD XHTML 1.1//EN" "https://www.w3.org/TR/xhtml11/DTD/xhtml11.dtd">
<html xmlns="https://www.w3.org/1999/xhtml">
<head>
<meta http-equiv="content-type" content="text/html; charset=UTF-8"/>
<title>TestNG Report</title>
<style type="text/css">table {margin-bottom:10px;border-collapse:collapse;empty-cells:show}th,td {border:1px solid #009;padding:.25em .5em}th {vertical-align:bottom}td {vertical-align:top}table a {font-weight:bold}.stripe td {background-color: #E6EBF9}.num {text-align:right}.passedodd td {background-color: #3F3}.passedeven td {background-color: #0A0}.skippedodd td {background-color: #DDD}.skippedeven td {background-color: #CCC}.failedodd td,.attn {background-color: #F33}.failedeven td,.stripe .attn {background-color: #D00}.stacktrace {white-space:pre;font-family:monospace}.totop {font-size:85%;text-align:center;border-bottom:2px solid #000}.invisible {display:none}</style>
</head>
<body>
<table>
<tr><th>Test</th><th># Passed</th><th># Skipped</th><th># Retried</th><th># Failed</th><th>Time (ms)</th><th>Included Groups</th><th>Excluded Groups</th></tr>
<tr><th colspan="8">WPT</th></tr>
<tr><td><a href="#t0">ai-mood - Pixel perfect regression</a></td><td class="num">4</td><td class="num">0</td><td class="num">0</td><td class="num attn">9</td><td class="num">134Â 744</td><td></td><td></td></tr>
</table>
<table id='summary'><thead><tr><th>Class</th><th>Method</th><th>Start</th><th>Time (ms)</th></tr></thead><tbody><tr><th colspan="4">WPT</th></tr></tbody><tbody id="t0"><tr><th colspan="4">ai-mood - Pixel perfect regression &#8212; failed</th></tr><tr class="failedeven"><td rowspan="9">tests.mainPageTests.AllPageChromeTests</td><td><a href="#m0">allFooterMainPage</a></td><td rowspan="1">1691072954631</td><td rowspan="1">5079</td></tr><tr class="failedeven"><td><a href="#m1">allHeaderMainPage</a></td><td rowspan="1">1691072843674</td><td rowspan="1">33820</td></tr><tr class="failedeven"><td><a href="#m2">getStartedHeaderMainPage</a></td><td rowspan="1">1691072877508</td><td rowspan="1">15249</td></tr><tr class="failedeven"><td><a href="#m3">leaningSectionMainPage</a></td><td rowspan="1">1691072948648</td><td rowspan="1">5981</td></tr><tr class="failedeven"><td><a href="#m4">learnHeaderMainPage</a></td><td rowspan="1">1691072892759</td><td rowspan="1">15289</td></tr><tr class="failedeven"><td><a href="#m5">mainSectionMainPage</a></td><td rowspan="1">1691072922891</td><td rowspan="1">5165</td></tr><tr class="failedeven"><td><a href="#m6">roadmapSectionMainPage</a></td><td rowspan="1">1691072933428</td><td rowspan="1">9353</td></tr><tr class="failedeven"><td><a href="#m7">statisticsSectionMainPage</a></td><td rowspan="1">1691072942782</td><td rowspan="1">5865</td></tr><tr class="failedeven"><td><a href="#m8">videoSectionMainPage</a></td><td rowspan="1">1691072928058</td><td rowspan="1">5368</td></tr><tr><th colspan="4">ai-mood - Pixel perfect regression &#8212; passed</th></tr><tr class="passedeven"><td rowspan="4">tests.mainPageTests.AllPageChromeTests</td><td><a href="#m9">copFooterMainPage</a></td><td rowspan="1">1691072970252</td><td rowspan="1">4320</td></tr><tr class="passedeven"><td><a href="#m10">partnFooterMainPage</a></td><td rowspan="1">1691072959711</td><td rowspan="1">5236</td></tr><tr class="passedeven"><td><a href="#m11">resourcesHeaderMainPage</a></td><td rowspan="1">1691072908050</td><td rowspan="1">14840</td></tr><tr class="passedeven"><td><a href="#m12">subFooterMainPage</a></td><td rowspan="1">1691072964948</td><td rowspan="1">5303</td></tr></tbody>
</table>
<h2>ai-mood - Pixel perfect regression</h2><h3 id="m0">tests.mainPageTests.AllPageChromeTests#allFooterMainPage</h3><table class="result"><tr class="param"><th>Parameter #1</th><th>Parameter #2</th></tr><tr class="param stripe"><td>https://ai-mood.com/en</td><td>Screenshots/</td></tr><tr><th colspan="2">Exception</th></tr><tr><td colspan="2"><div class="stacktrace">java.lang.AssertionError: *** Images are not similar *** expected [true] but found [false]
	at pages.pixel_perfect.PixelPerfectAssert.byElement(PixelPerfectAssert.java:109)
	at tests.mainPageTests.AllPageChromeTests.allFooterMainPage(AllPageChromeTests.java:214)
	at java.base/java.util.ArrayList.forEach(ArrayList.java:1380)
... Removed 34 stack frames</div></td></tr></table><p class="totop"><a href="#summary">back to summary</a></p>
<h3 id="m1">tests.mainPageTests.AllPageChromeTests#allHeaderMainPage</h3><table class="result"><tr class="param"><th>Parameter #1</th><th>Parameter #2</th></tr><tr class="param stripe"><td>https://ai-mood.com/en</td><td>Screenshots/</td></tr><tr><th colspan="2">Exception</th></tr><tr><td colspan="2"><div class="stacktrace">org.openqa.selenium.NoSuchElementException: no such element: Unable to locate element: {&quot;method&quot;:&quot;xpath&quot;,&quot;selector&quot;:&quot;//header[@class=&apos;header-wrapper&apos;]&quot;}
  (Session info: chrome=115.0.5790.170)
For documentation on this error, please visit: https://selenium.dev/exceptions/#no_such_element
Build info: version: &apos;4.8.1&apos;, revision: &apos;8ebccac989&apos;
System info: os.name: &apos;Windows 10&apos;, os.arch: &apos;amd64&apos;, os.version: &apos;10.0&apos;, java.version: &apos;9.0.4&apos;
Driver info: org.openqa.selenium.chrome.ChromeDriver
Command: [211f030fcb4e51a614deb550aa41e350, findElement {using=xpath, value=//header[@class=&apos;header-wrapper&apos;]}]
Capabilities {acceptInsecureCerts: false, browserName: chrome, browserVersion: 115.0.5790.170, chrome: {chromedriverVersion: 114.0.5735.90 (386bc09e8f4f..., userDataDir: C:\Users\admin\AppData\Loca...}, goog:chromeOptions: {debuggerAddress: localhost:58682}, networkConnectionEnabled: false, pageLoadStrategy: normal, platformName: WINDOWS, proxy: Proxy(), se:cdp: ws://localhost:58682/devtoo..., se:cdpVersion: 115.0.5790.170, setWindowRect: true, strictFileInteractability: false, timeouts: {implicit: 0, pageLoad: 300000, script: 30000}, unhandledPromptBehavior: dismiss and notify, webauthn:extension:credBlob: true, webauthn:extension:largeBlob: true, webauthn:extension:minPinLength: true, webauthn:extension:prf: true, webauthn:virtualAuthenticators: true}
Session ID: 211f030fcb4e51a614deb550aa41e350
	at org.openqa.selenium.remote.codec.w3c.W3CHttpResponseCodec.createException(W3CHttpResponseCodec.java:200)
	at org.openqa.selenium.remote.codec.w3c.W3CHttpResponseCodec.decode(W3CHttpResponseCodec.java:133)
	at org.openqa.selenium.remote.codec.w3c.W3CHttpResponseCodec.decode(W3CHttpResponseCodec.java:53)
	at org.openqa.selenium.remote.HttpCommandExecutor.execute(HttpCommandExecutor.java:184)
	at org.openqa.selenium.remote.service.DriverCommandExecutor.invokeExecute(DriverCommandExecutor.java:167)
	at org.openqa.selenium.remote.service.DriverCommandExecutor.execute(DriverCommandExecutor.java:142)
	at org.openqa.selenium.remote.RemoteWebDriver.execute(RemoteWebDriver.java:543)
	at org.openqa.selenium.remote.ElementLocation$ElementFinder$2.findElement(ElementLocation.java:162)
	at org.openqa.selenium.remote.ElementLocation.findElement(ElementLocation.java:60)
	at org.openqa.selenium.remote.RemoteWebDriver.findElement(RemoteWebDriver.java:352)
	at org.openqa.selenium.remote.RemoteWebDriver.findElement(RemoteWebDriver.java:344)
	at pages.pixel_perfect.PixelPerfectAssert.byElement(PixelPerfectAssert.java:30)
	at tests.mainPageTests.AllPageChromeTests.allHeaderMainPage(AllPageChromeTests.java:26)
	at java.base/java.util.ArrayList.forEach(ArrayList.java:1380)
... Removed 35 stack frames</div></td></tr></table><p class="totop"><a href="#summary">back to summary</a></p>
<h3 id="m2">tests.mainPageTests.AllPageChromeTests#getStartedHeaderMainPage</h3><table class="result"><tr class="param"><th>Parameter #1</th><th>Parameter #2</th></tr><tr class="param stripe"><td>https://ai-mood.com/en</td><td>Screenshots/</td></tr><tr><th colspan="2">Exception</th></tr><tr><td colspan="2"><div class="stacktrace">org.openqa.selenium.NoSuchElementException: no such element: Unable to locate element: {&quot;method&quot;:&quot;xpath&quot;,&quot;selector&quot;:&quot;//li[@class=&apos;header-nav-item&apos;][1]&quot;}
  (Session info: chrome=115.0.5790.170)
For documentation on this error, please visit: https://selenium.dev/exceptions/#no_such_element
Build info: version: &apos;4.8.1&apos;, revision: &apos;8ebccac989&apos;
System info: os.name: &apos;Windows 10&apos;, os.arch: &apos;amd64&apos;, os.version: &apos;10.0&apos;, java.version: &apos;9.0.4&apos;
Driver info: org.openqa.selenium.chrome.ChromeDriver
Command: [211f030fcb4e51a614deb550aa41e350, findElement {using=xpath, value=//li[@class=&apos;header-nav-item&apos;][1]}]
Capabilities {acceptInsecureCerts: false, browserName: chrome, browserVersion: 115.0.5790.170, chrome: {chromedriverVersion: 114.0.5735.90 (386bc09e8f4f..., userDataDir: C:\Users\admin\AppData\Loca...}, goog:chromeOptions: {debuggerAddress: localhost:58682}, networkConnectionEnabled: false, pageLoadStrategy: normal, platformName: WINDOWS, proxy: Proxy(), se:cdp: ws://localhost:58682/devtoo..., se:cdpVersion: 115.0.5790.170, setWindowRect: true, strictFileInteractability: false, timeouts: {implicit: 0, pageLoad: 300000, script: 30000}, unhandledPromptBehavior: dismiss and notify, webauthn:extension:credBlob: true, webauthn:extension:largeBlob: true, webauthn:extension:minPinLength: true, webauthn:extension:prf: true, webauthn:virtualAuthenticators: true}
Session ID: 211f030fcb4e51a614deb550aa41e350
	at org.openqa.selenium.remote.codec.w3c.W3CHttpResponseCodec.createException(W3CHttpResponseCodec.java:200)
	at org.openqa.selenium.remote.codec.w3c.W3CHttpResponseCodec.decode(W3CHttpResponseCodec.java:133)
	at org.openqa.selenium.remote.codec.w3c.W3CHttpResponseCodec.decode(W3CHttpResponseCodec.java:53)
	at org.openqa.selenium.remote.HttpCommandExecutor.execute(HttpCommandExecutor.java:184)
	at org.openqa.selenium.remote.service.DriverCommandExecutor.invokeExecute(DriverCommandExecutor.java:167)
	at org.openqa.selenium.remote.service.DriverCommandExecutor.execute(DriverCommandExecutor.java:142)
	at org.openqa.selenium.remote.RemoteWebDriver.execute(RemoteWebDriver.java:543)
	at org.openqa.selenium.remote.ElementLocation$ElementFinder$2.findElement(ElementLocation.java:162)
	at org.openqa.selenium.remote.ElementLocation.findElement(ElementLocation.java:60)
	at org.openqa.selenium.remote.RemoteWebDriver.findElement(RemoteWebDriver.java:352)
	at org.openqa.selenium.remote.RemoteWebDriver.findElement(RemoteWebDriver.java:344)
	at pages.base.Action.findElementByXpath(Action.java:30)
	at pages.base.Action.hoverOverAnElementByXpath(Action.java:74)
	at tests.mainPageTests.AllPageChromeTests.getStartedHeaderMainPage(AllPageChromeTests.java:41)
	at java.base/java.util.ArrayList.forEach(ArrayList.java:1380)
... Removed 35 stack frames</div></td></tr></table><p class="totop"><a href="#summary">back to summary</a></p>
<h3 id="m3">tests.mainPageTests.AllPageChromeTests#leaningSectionMainPage</h3><table class="result"><tr class="param"><th>Parameter #1</th><th>Parameter #2</th></tr><tr class="param stripe"><td>https://ai-mood.com/en</td><td>Screenshots/</td></tr><tr><th colspan="2">Exception</th></tr><tr><td colspan="2"><div class="stacktrace">java.lang.AssertionError: *** Images are not similar *** expected [true] but found [false]
	at pages.pixel_perfect.PixelPerfectAssert.byElement(PixelPerfectAssert.java:109)
	at tests.mainPageTests.AllPageChromeTests.leaningSectionMainPage(AllPageChromeTests.java:194)
	at java.base/java.util.ArrayList.forEach(ArrayList.java:1380)
... Removed 34 stack frames</div></td></tr></table><p class="totop"><a href="#summary">back to summary</a></p>
<h3 id="m4">tests.mainPageTests.AllPageChromeTests#learnHeaderMainPage</h3><table class="result"><tr class="param"><th>Parameter #1</th><th>Parameter #2</th></tr><tr class="param stripe"><td>https://ai-mood.com/en</td><td>Screenshots/</td></tr><tr><th colspan="2">Exception</th></tr><tr><td colspan="2"><div class="stacktrace">org.openqa.selenium.NoSuchElementException: no such element: Unable to locate element: {&quot;method&quot;:&quot;xpath&quot;,&quot;selector&quot;:&quot;//li[@class=&apos;header-nav-item learn-nav-item&apos;]&quot;}
  (Session info: chrome=115.0.5790.170)
For documentation on this error, please visit: https://selenium.dev/exceptions/#no_such_element
Build info: version: &apos;4.8.1&apos;, revision: &apos;8ebccac989&apos;
System info: os.name: &apos;Windows 10&apos;, os.arch: &apos;amd64&apos;, os.version: &apos;10.0&apos;, java.version: &apos;9.0.4&apos;
Driver info: org.openqa.selenium.chrome.ChromeDriver
Command: [211f030fcb4e51a614deb550aa41e350, findElement {using=xpath, value=//li[@class=&apos;header-nav-item learn-nav-item&apos;]}]
Capabilities {acceptInsecureCerts: false, browserName: chrome, browserVersion: 115.0.5790.170, chrome: {chromedriverVersion: 114.0.5735.90 (386bc09e8f4f..., userDataDir: C:\Users\admin\AppData\Loca...}, goog:chromeOptions: {debuggerAddress: localhost:58682}, networkConnectionEnabled: false, pageLoadStrategy: normal, platformName: WINDOWS, proxy: Proxy(), se:cdp: ws://localhost:58682/devtoo..., se:cdpVersion: 115.0.5790.170, setWindowRect: true, strictFileInteractability: false, timeouts: {implicit: 0, pageLoad: 300000, script: 30000}, unhandledPromptBehavior: dismiss and notify, webauthn:extension:credBlob: true, webauthn:extension:largeBlob: true, webauthn:extension:minPinLength: true, webauthn:extension:prf: true, webauthn:virtualAuthenticators: true}
Session ID: 211f030fcb4e51a614deb550aa41e350
	at org.openqa.selenium.remote.codec.w3c.W3CHttpResponseCodec.createException(W3CHttpResponseCodec.java:200)
	at org.openqa.selenium.remote.codec.w3c.W3CHttpResponseCodec.decode(W3CHttpResponseCodec.java:133)
	at org.openqa.selenium.remote.codec.w3c.W3CHttpResponseCodec.decode(W3CHttpResponseCodec.java:53)
	at org.openqa.selenium.remote.HttpCommandExecutor.execute(HttpCommandExecutor.java:184)
	at org.openqa.selenium.remote.service.DriverCommandExecutor.invokeExecute(DriverCommandExecutor.java:167)
	at org.openqa.selenium.remote.service.DriverCommandExecutor.execute(DriverCommandExecutor.java:142)
	at org.openqa.selenium.remote.RemoteWebDriver.execute(RemoteWebDriver.java:543)
	at org.openqa.selenium.remote.ElementLocation$ElementFinder$2.findElement(ElementLocation.java:162)
	at org.openqa.selenium.remote.ElementLocation.findElement(ElementLocation.java:60)
	at org.openqa.selenium.remote.RemoteWebDriver.findElement(RemoteWebDriver.java:352)
	at org.openqa.selenium.remote.RemoteWebDriver.findElement(RemoteWebDriver.java:344)
	at pages.base.Action.findElementByXpath(Action.java:30)
	at pages.base.Action.hoverOverAnElementByXpath(Action.java:74)
	at tests.mainPageTests.AllPageChromeTests.learnHeaderMainPage(AllPageChromeTests.java:59)
	at java.base/java.util.ArrayList.forEach(ArrayList.java:1380)
... Removed 35 stack frames</div></td></tr></table><p class="totop"><a href="#summary">back to summary</a></p>
<h3 id="m5">tests.mainPageTests.AllPageChromeTests#mainSectionMainPage</h3><table class="result"><tr class="param"><th>Parameter #1</th><th>Parameter #2</th></tr><tr class="param stripe"><td>https://ai-mood.com/en</td><td>Screenshots/</td></tr><tr><th colspan="2">Exception</th></tr><tr><td colspan="2"><div class="stacktrace">java.lang.AssertionError: *** Images are not similar *** expected [true] but found [false]
	at pages.pixel_perfect.PixelPerfectAssert.byElement(PixelPerfectAssert.java:109)
	at tests.mainPageTests.AllPageChromeTests.mainSectionMainPage(AllPageChromeTests.java:118)
	at java.base/java.util.ArrayList.forEach(ArrayList.java:1380)
... Removed 34 stack frames</div></td></tr></table><p class="totop"><a href="#summary">back to summary</a></p>
<h3 id="m6">tests.mainPageTests.AllPageChromeTests#roadmapSectionMainPage</h3><table class="result"><tr class="param"><th>Parameter #1</th><th>Parameter #2</th></tr><tr class="param stripe"><td>https://ai-mood.com/en</td><td>Screenshots/</td></tr><tr><th colspan="2">Exception</th></tr><tr><td colspan="2"><div class="stacktrace">java.lang.AssertionError: *** Images are not similar *** expected [true] but found [false]
	at pages.pixel_perfect.PixelPerfectAssert.byElement(PixelPerfectAssert.java:109)
	at tests.mainPageTests.AllPageChromeTests.roadmapSectionMainPage(AllPageChromeTests.java:156)
	at java.base/java.util.ArrayList.forEach(ArrayList.java:1380)
... Removed 34 stack frames</div></td></tr></table><p class="totop"><a href="#summary">back to summary</a></p>
<h3 id="m7">tests.mainPageTests.AllPageChromeTests#statisticsSectionMainPage</h3><table class="result"><tr class="param"><th>Parameter #1</th><th>Parameter #2</th></tr><tr class="param stripe"><td>https://ai-mood.com/en</td><td>Screenshots/</td></tr><tr><th colspan="2">Exception</th></tr><tr><td colspan="2"><div class="stacktrace">java.lang.AssertionError: *** Images are not similar *** expected [true] but found [false]
	at pages.pixel_perfect.PixelPerfectAssert.byElement(PixelPerfectAssert.java:109)
	at tests.mainPageTests.AllPageChromeTests.statisticsSectionMainPage(AllPageChromeTests.java:175)
	at java.base/java.util.ArrayList.forEach(ArrayList.java:1380)
... Removed 34 stack frames</div></td></tr></table><p class="totop"><a href="#summary">back to summary</a></p>
<h3 id="m8">tests.mainPageTests.AllPageChromeTests#videoSectionMainPage</h3><table class="result"><tr class="param"><th>Parameter #1</th><th>Parameter #2</th></tr><tr class="param stripe"><td>https://ai-mood.com/en</td><td>Screenshots/</td></tr><tr><th colspan="2">Exception</th></tr><tr><td colspan="2"><div class="stacktrace">java.lang.AssertionError: *** Images are not similar *** expected [true] but found [false]
	at pages.pixel_perfect.PixelPerfectAssert.byElement(PixelPerfectAssert.java:109)
	at tests.mainPageTests.AllPageChromeTests.videoSectionMainPage(AllPageChromeTests.java:137)
	at java.base/java.util.ArrayList.forEach(ArrayList.java:1380)
... Removed 34 stack frames</div></td></tr></table><p class="totop"><a href="#summary">back to summary</a></p>
<h3 id="m9">tests.mainPageTests.AllPageChromeTests#copFooterMainPage</h3><table class="result"><tr class="param"><th>Parameter #1</th><th>Parameter #2</th></tr><tr class="param stripe"><td>https://ai-mood.com/en</td><td>Screenshots/</td></tr></table><p class="totop"><a href="#summary">back to summary</a></p>
<h3 id="m10">tests.mainPageTests.AllPageChromeTests#partnFooterMainPage</h3><table class="result"><tr class="param"><th>Parameter #1</th><th>Parameter #2</th></tr><tr class="param stripe"><td>https://ai-mood.com/en</td><td>Screenshots/</td></tr></table><p class="totop"><a href="#summary">back to summary</a></p>
<h3 id="m11">tests.mainPageTests.AllPageChromeTests#resourcesHeaderMainPage</h3><table class="result"><tr class="param"><th>Parameter #1</th><th>Parameter #2</th></tr><tr class="param stripe"><td>https://ai-mood.com/en</td><td>Screenshots/</td></tr></table><p class="totop"><a href="#summary">back to summary</a></p>
<h3 id="m12">tests.mainPageTests.AllPageChromeTests#subFooterMainPage</h3><table class="result"><tr class="param"><th>Parameter #1</th><th>Parameter #2</th></tr><tr class="param stripe"><td>https://ai-mood.com/en</td><td>Screenshots/</td></tr></table><p class="totop"><a href="#summary">back to summary</a></p>
</body>
</html>
