<!DOCTYPE html PUBLIC "-//W3C//DTD XHTML 1.1//EN" "https://www.w3.org/TR/xhtml11/DTD/xhtml11.dtd">
<html xmlns="https://www.w3.org/1999/xhtml">
<head>
<meta http-equiv="content-type" content="text/html; charset=UTF-8"/>
<title>TestNG Report</title>
<style type="text/css">table {margin-bottom:10px;border-collapse:collapse;empty-cells:show}th,td {border:1px solid #009;padding:.25em .5em}th {vertical-align:bottom}td {vertical-align:top}table a {font-weight:bold}.stripe td {background-color: #E6EBF9}.num {text-align:right}.passedodd td {background-color: #3F3}.passedeven td {background-color: #0A0}.skippedodd td {background-color: #DDD}.skippedeven td {background-color: #CCC}.failedodd td,.attn {background-color: #F33}.failedeven td,.stripe .attn {background-color: #D00}.stacktrace {white-space:pre;font-family:monospace}.totop {font-size:85%;text-align:center;border-bottom:2px solid #000}.invisible {display:none}</style>
</head>
<body>
<table>
<tr><th>Test</th><th># Passed</th><th># Skipped</th><th># Retried</th><th># Failed</th><th>Time (ms)</th><th>Included Groups</th><th>Excluded Groups</th></tr>
<tr><th colspan="8">WPT</th></tr>
<tr><td><a href="#t0">Dex-Trade - Pixel perfect regression</a></td><td class="num">1</td><td class="num">0</td><td class="num">0</td><td class="num attn">17</td><td class="num">138,766</td><td></td><td></td></tr>
</table>
<table id='summary'><thead><tr><th>Class</th><th>Method</th><th>Start</th><th>Time (ms)</th></tr></thead><tbody><tr><th colspan="4">WPT</th></tr></tbody><tbody id="t0"><tr><th colspan="4">Dex-Trade - Pixel perfect regression &#8212; failed</th></tr><tr class="failedeven"><td rowspan="17">tests.termsofUse.TermsOfUseAuth</td><td><a href="#m0">termsOfUseFooterAuth</a></td><td rowspan="1">1690548400003</td><td rowspan="1">7197</td></tr><tr class="failedeven"><td><a href="#m1">termsOfUseFooterDropDownPart1Auth</a></td><td rowspan="1">1690548407202</td><td rowspan="1">9482</td></tr><tr class="failedeven"><td><a href="#m2">termsOfUseFooterDropDownPart2Auth</a></td><td rowspan="1">1690548416687</td><td rowspan="1">9487</td></tr><tr class="failedeven"><td><a href="#m3">termsOfUseHeaderTestAuth</a></td><td rowspan="1">1690548306609</td><td rowspan="1">10303</td></tr><tr class="failedeven"><td><a href="#m4">termsOfUseTextPart10Auth</a></td><td rowspan="1">1690548386661</td><td rowspan="1">3793</td></tr><tr class="failedeven"><td><a href="#m5">termsOfUseTextPart11Auth</a></td><td rowspan="1">1690548390454</td><td rowspan="1">3027</td></tr><tr class="failedeven"><td><a href="#m6">termsOfUseTextPart12Auth</a></td><td rowspan="1">1690548393484</td><td rowspan="1">3419</td></tr><tr class="failedeven"><td><a href="#m7">termsOfUseTextPart13Auth</a></td><td rowspan="1">1690548396905</td><td rowspan="1">3096</td></tr><tr class="failedeven"><td><a href="#m8">termsOfUseTextPart1Auth</a></td><td rowspan="1">1690548316912</td><td rowspan="1">8700</td></tr><tr class="failedeven"><td><a href="#m9">termsOfUseTextPart2Auth</a></td><td rowspan="1">1690548325612</td><td rowspan="1">8239</td></tr><tr class="failedeven"><td><a href="#m10">termsOfUseTextPart3Auth</a></td><td rowspan="1">1690548333851</td><td rowspan="1">8177</td></tr><tr class="failedeven"><td><a href="#m11">termsOfUseTextPart4Auth</a></td><td rowspan="1">1690548342028</td><td rowspan="1">8139</td></tr><tr class="failedeven"><td><a href="#m12">termsOfUseTextPart5Auth</a></td><td rowspan="1">1690548350167</td><td rowspan="1">8408</td></tr><tr class="failedeven"><td><a href="#m13">termsOfUseTextPart6Auth</a></td><td rowspan="1">1690548358579</td><td rowspan="1">8312</td></tr><tr class="failedeven"><td><a href="#m14">termsOfUseTextPart7Auth</a></td><td rowspan="1">1690548366906</td><td rowspan="1">8164</td></tr><tr class="failedeven"><td><a href="#m15">termsOfUseTextPart8Auth</a></td><td rowspan="1">1690548375070</td><td rowspan="1">8129</td></tr><tr class="failedeven"><td><a href="#m16">termsOfUseTextPart9Auth</a></td><td rowspan="1">1690548383199</td><td rowspan="1">3460</td></tr><tr><th colspan="4">Dex-Trade - Pixel perfect regression &#8212; passed</th></tr><tr class="passedeven"><td rowspan="1">tests.termsofUse.TermsOfUseAuth</td><td><a href="#m17">loginInToTheDexTrade</a></td><td rowspan="1">1690548291713</td><td rowspan="1">14890</td></tr></tbody>
</table>
<h2>Dex-Trade - Pixel perfect regression</h2><h3 id="m0">tests.termsofUse.TermsOfUseAuth#termsOfUseFooterAuth</h3><table class="result"><tr class="param"><th>Parameter #1</th><th>Parameter #2</th></tr><tr class="param stripe"><td>https://dex-trade-stage1.intary.net/info/terms-of-use</td><td>Screenshots_St1/</td></tr><tr><th colspan="2">Exception</th></tr><tr><td colspan="2"><div class="stacktrace">java.lang.AssertionError: *** Images are not similar *** expected [true] but found [false]
	at pages.pixel_perfect.PixelPerfectAssert.byElement(PixelPerfectAssert.java:109)
	at tests.termsofUse.TermsOfUseAuth.termsOfUseFooterAuth(TermsOfUseAuth.java:220)
	at java.base/java.util.ArrayList.forEach(ArrayList.java:1541)
	at com.intellij.rt.testng.IDEARemoteTestNG.run(IDEARemoteTestNG.java:66)
	at com.intellij.rt.testng.RemoteTestNGStarter.main(RemoteTestNGStarter.java:109)
... Removed 27 stack frames</div></td></tr></table><p class="totop"><a href="#summary">back to summary</a></p>
<h3 id="m1">tests.termsofUse.TermsOfUseAuth#termsOfUseFooterDropDownPart1Auth</h3><table class="result"><tr class="param"><th>Parameter #1</th><th>Parameter #2</th></tr><tr class="param stripe"><td>https://dex-trade-stage1.intary.net/info/terms-of-use</td><td>Screenshots_St1/</td></tr><tr><th colspan="2">Exception</th></tr><tr><td colspan="2"><div class="stacktrace">java.lang.AssertionError: *** Images are not similar *** expected [true] but found [false]
	at pages.pixel_perfect.PixelPerfectAssert.byElement(PixelPerfectAssert.java:109)
	at tests.termsofUse.TermsOfUseAuth.termsOfUseFooterDropDownPart1Auth(TermsOfUseAuth.java:236)
	at java.base/java.util.ArrayList.forEach(ArrayList.java:1541)
	at com.intellij.rt.testng.IDEARemoteTestNG.run(IDEARemoteTestNG.java:66)
	at com.intellij.rt.testng.RemoteTestNGStarter.main(RemoteTestNGStarter.java:109)
... Removed 27 stack frames</div></td></tr></table><p class="totop"><a href="#summary">back to summary</a></p>
<h3 id="m2">tests.termsofUse.TermsOfUseAuth#termsOfUseFooterDropDownPart2Auth</h3><table class="result"><tr class="param"><th>Parameter #1</th><th>Parameter #2</th></tr><tr class="param stripe"><td>https://dex-trade-stage1.intary.net/info/terms-of-use</td><td>Screenshots_St1/</td></tr><tr><th colspan="2">Exception</th></tr><tr><td colspan="2"><div class="stacktrace">java.lang.AssertionError: *** Images are not similar *** expected [true] but found [false]
	at pages.pixel_perfect.PixelPerfectAssert.byElement(PixelPerfectAssert.java:109)
	at tests.termsofUse.TermsOfUseAuth.termsOfUseFooterDropDownPart2Auth(TermsOfUseAuth.java:255)
	at java.base/java.util.ArrayList.forEach(ArrayList.java:1541)
	at com.intellij.rt.testng.IDEARemoteTestNG.run(IDEARemoteTestNG.java:66)
	at com.intellij.rt.testng.RemoteTestNGStarter.main(RemoteTestNGStarter.java:109)
... Removed 27 stack frames</div></td></tr></table><p class="totop"><a href="#summary">back to summary</a></p>
<h3 id="m3">tests.termsofUse.TermsOfUseAuth#termsOfUseHeaderTestAuth</h3><table class="result"><tr class="param"><th>Parameter #1</th><th>Parameter #2</th></tr><tr class="param stripe"><td>https://dex-trade-stage1.intary.net/info/terms-of-use</td><td>Screenshots_St1/</td></tr><tr><th colspan="2">Exception</th></tr><tr><td colspan="2"><div class="stacktrace">java.lang.AssertionError: *** Images are not similar *** expected [true] but found [false]
	at pages.pixel_perfect.PixelPerfectAssert.byElement(PixelPerfectAssert.java:109)
	at tests.termsofUse.TermsOfUseAuth.termsOfUseHeaderTestAuth(TermsOfUseAuth.java:31)
	at java.base/java.util.ArrayList.forEach(ArrayList.java:1541)
	at com.intellij.rt.testng.IDEARemoteTestNG.run(IDEARemoteTestNG.java:66)
	at com.intellij.rt.testng.RemoteTestNGStarter.main(RemoteTestNGStarter.java:109)
... Removed 27 stack frames</div></td></tr></table><p class="totop"><a href="#summary">back to summary</a></p>
<h3 id="m4">tests.termsofUse.TermsOfUseAuth#termsOfUseTextPart10Auth</h3><table class="result"><tr class="param"><th>Parameter #1</th><th>Parameter #2</th></tr><tr class="param stripe"><td>https://dex-trade-stage1.intary.net/info/terms-of-use</td><td>Screenshots_St1/</td></tr><tr><th colspan="2">Exception</th></tr><tr><td colspan="2"><div class="stacktrace">java.lang.AssertionError: *** Images are not similar *** expected [true] but found [false]
	at pages.pixel_perfect.PixelPerfectAssert.fullPage(PixelPerfectAssert.java:199)
	at tests.termsofUse.TermsOfUseAuth.termsOfUseTextPart10Auth(TermsOfUseAuth.java:164)
	at java.base/java.util.ArrayList.forEach(ArrayList.java:1541)
	at com.intellij.rt.testng.IDEARemoteTestNG.run(IDEARemoteTestNG.java:66)
	at com.intellij.rt.testng.RemoteTestNGStarter.main(RemoteTestNGStarter.java:109)
... Removed 27 stack frames</div></td></tr></table><p class="totop"><a href="#summary">back to summary</a></p>
<h3 id="m5">tests.termsofUse.TermsOfUseAuth#termsOfUseTextPart11Auth</h3><table class="result"><tr class="param"><th>Parameter #1</th><th>Parameter #2</th></tr><tr class="param stripe"><td>https://dex-trade-stage1.intary.net/info/terms-of-use</td><td>Screenshots_St1/</td></tr><tr><th colspan="2">Exception</th></tr><tr><td colspan="2"><div class="stacktrace">java.lang.AssertionError: *** Images are not similar *** expected [true] but found [false]
	at pages.pixel_perfect.PixelPerfectAssert.fullPage(PixelPerfectAssert.java:199)
	at tests.termsofUse.TermsOfUseAuth.termsOfUseTextPart11Auth(TermsOfUseAuth.java:177)
	at java.base/java.util.ArrayList.forEach(ArrayList.java:1541)
	at com.intellij.rt.testng.IDEARemoteTestNG.run(IDEARemoteTestNG.java:66)
	at com.intellij.rt.testng.RemoteTestNGStarter.main(RemoteTestNGStarter.java:109)
... Removed 27 stack frames</div></td></tr></table><p class="totop"><a href="#summary">back to summary</a></p>
<h3 id="m6">tests.termsofUse.TermsOfUseAuth#termsOfUseTextPart12Auth</h3><table class="result"><tr class="param"><th>Parameter #1</th><th>Parameter #2</th></tr><tr class="param stripe"><td>https://dex-trade-stage1.intary.net/info/terms-of-use</td><td>Screenshots_St1/</td></tr><tr><th colspan="2">Exception</th></tr><tr><td colspan="2"><div class="stacktrace">java.lang.AssertionError: *** Images are not similar *** expected [true] but found [false]
	at pages.pixel_perfect.PixelPerfectAssert.fullPage(PixelPerfectAssert.java:199)
	at tests.termsofUse.TermsOfUseAuth.termsOfUseTextPart12Auth(TermsOfUseAuth.java:190)
	at java.base/java.util.ArrayList.forEach(ArrayList.java:1541)
	at com.intellij.rt.testng.IDEARemoteTestNG.run(IDEARemoteTestNG.java:66)
	at com.intellij.rt.testng.RemoteTestNGStarter.main(RemoteTestNGStarter.java:109)
... Removed 27 stack frames</div></td></tr></table><p class="totop"><a href="#summary">back to summary</a></p>
<h3 id="m7">tests.termsofUse.TermsOfUseAuth#termsOfUseTextPart13Auth</h3><table class="result"><tr class="param"><th>Parameter #1</th><th>Parameter #2</th></tr><tr class="param stripe"><td>https://dex-trade-stage1.intary.net/info/terms-of-use</td><td>Screenshots_St1/</td></tr><tr><th colspan="2">Exception</th></tr><tr><td colspan="2"><div class="stacktrace">java.lang.AssertionError: *** Images are not similar *** expected [true] but found [false]
	at pages.pixel_perfect.PixelPerfectAssert.fullPage(PixelPerfectAssert.java:199)
	at tests.termsofUse.TermsOfUseAuth.termsOfUseTextPart13Auth(TermsOfUseAuth.java:203)
	at java.base/java.util.ArrayList.forEach(ArrayList.java:1541)
	at com.intellij.rt.testng.IDEARemoteTestNG.run(IDEARemoteTestNG.java:66)
	at com.intellij.rt.testng.RemoteTestNGStarter.main(RemoteTestNGStarter.java:109)
... Removed 27 stack frames</div></td></tr></table><p class="totop"><a href="#summary">back to summary</a></p>
<h3 id="m8">tests.termsofUse.TermsOfUseAuth#termsOfUseTextPart1Auth</h3><table class="result"><tr class="param"><th>Parameter #1</th><th>Parameter #2</th></tr><tr class="param stripe"><td>https://dex-trade-stage1.intary.net/info/terms-of-use</td><td>Screenshots_St1/</td></tr><tr><th colspan="2">Exception</th></tr><tr><td colspan="2"><div class="stacktrace">java.lang.AssertionError: *** Images are not similar *** expected [true] but found [false]
	at pages.pixel_perfect.PixelPerfectAssert.fullPage(PixelPerfectAssert.java:199)
	at tests.termsofUse.TermsOfUseAuth.termsOfUseTextPart1Auth(TermsOfUseAuth.java:43)
	at java.base/java.util.ArrayList.forEach(ArrayList.java:1541)
	at com.intellij.rt.testng.IDEARemoteTestNG.run(IDEARemoteTestNG.java:66)
	at com.intellij.rt.testng.RemoteTestNGStarter.main(RemoteTestNGStarter.java:109)
... Removed 27 stack frames</div></td></tr></table><p class="totop"><a href="#summary">back to summary</a></p>
<h3 id="m9">tests.termsofUse.TermsOfUseAuth#termsOfUseTextPart2Auth</h3><table class="result"><tr class="param"><th>Parameter #1</th><th>Parameter #2</th></tr><tr class="param stripe"><td>https://dex-trade-stage1.intary.net/info/terms-of-use</td><td>Screenshots_St1/</td></tr><tr><th colspan="2">Exception</th></tr><tr><td colspan="2"><div class="stacktrace">java.lang.AssertionError: *** Images are not similar *** expected [true] but found [false]
	at pages.pixel_perfect.PixelPerfectAssert.fullPage(PixelPerfectAssert.java:199)
	at tests.termsofUse.TermsOfUseAuth.termsOfUseTextPart2Auth(TermsOfUseAuth.java:56)
	at java.base/java.util.ArrayList.forEach(ArrayList.java:1541)
	at com.intellij.rt.testng.IDEARemoteTestNG.run(IDEARemoteTestNG.java:66)
	at com.intellij.rt.testng.RemoteTestNGStarter.main(RemoteTestNGStarter.java:109)
... Removed 27 stack frames</div></td></tr></table><p class="totop"><a href="#summary">back to summary</a></p>
<h3 id="m10">tests.termsofUse.TermsOfUseAuth#termsOfUseTextPart3Auth</h3><table class="result"><tr class="param"><th>Parameter #1</th><th>Parameter #2</th></tr><tr class="param stripe"><td>https://dex-trade-stage1.intary.net/info/terms-of-use</td><td>Screenshots_St1/</td></tr><tr><th colspan="2">Exception</th></tr><tr><td colspan="2"><div class="stacktrace">java.lang.AssertionError: *** Images are not similar *** expected [true] but found [false]
	at pages.pixel_perfect.PixelPerfectAssert.fullPage(PixelPerfectAssert.java:199)
	at tests.termsofUse.TermsOfUseAuth.termsOfUseTextPart3Auth(TermsOfUseAuth.java:70)
	at java.base/java.util.ArrayList.forEach(ArrayList.java:1541)
	at com.intellij.rt.testng.IDEARemoteTestNG.run(IDEARemoteTestNG.java:66)
	at com.intellij.rt.testng.RemoteTestNGStarter.main(RemoteTestNGStarter.java:109)
... Removed 27 stack frames</div></td></tr></table><p class="totop"><a href="#summary">back to summary</a></p>
<h3 id="m11">tests.termsofUse.TermsOfUseAuth#termsOfUseTextPart4Auth</h3><table class="result"><tr class="param"><th>Parameter #1</th><th>Parameter #2</th></tr><tr class="param stripe"><td>https://dex-trade-stage1.intary.net/info/terms-of-use</td><td>Screenshots_St1/</td></tr><tr><th colspan="2">Exception</th></tr><tr><td colspan="2"><div class="stacktrace">java.lang.AssertionError: *** Images are not similar *** expected [true] but found [false]
	at pages.pixel_perfect.PixelPerfectAssert.fullPage(PixelPerfectAssert.java:199)
	at tests.termsofUse.TermsOfUseAuth.termsOfUseTextPart4Auth(TermsOfUseAuth.java:84)
	at java.base/java.util.ArrayList.forEach(ArrayList.java:1541)
	at com.intellij.rt.testng.IDEARemoteTestNG.run(IDEARemoteTestNG.java:66)
	at com.intellij.rt.testng.RemoteTestNGStarter.main(RemoteTestNGStarter.java:109)
... Removed 27 stack frames</div></td></tr></table><p class="totop"><a href="#summary">back to summary</a></p>
<h3 id="m12">tests.termsofUse.TermsOfUseAuth#termsOfUseTextPart5Auth</h3><table class="result"><tr class="param"><th>Parameter #1</th><th>Parameter #2</th></tr><tr class="param stripe"><td>https://dex-trade-stage1.intary.net/info/terms-of-use</td><td>Screenshots_St1/</td></tr><tr><th colspan="2">Exception</th></tr><tr><td colspan="2"><div class="stacktrace">java.lang.AssertionError: *** Images are not similar *** expected [true] but found [false]
	at pages.pixel_perfect.PixelPerfectAssert.fullPage(PixelPerfectAssert.java:199)
	at tests.termsofUse.TermsOfUseAuth.termsOfUseTextPart5Auth(TermsOfUseAuth.java:98)
	at java.base/java.util.ArrayList.forEach(ArrayList.java:1541)
	at com.intellij.rt.testng.IDEARemoteTestNG.run(IDEARemoteTestNG.java:66)
	at com.intellij.rt.testng.RemoteTestNGStarter.main(RemoteTestNGStarter.java:109)
... Removed 27 stack frames</div></td></tr></table><p class="totop"><a href="#summary">back to summary</a></p>
<h3 id="m13">tests.termsofUse.TermsOfUseAuth#termsOfUseTextPart6Auth</h3><table class="result"><tr class="param"><th>Parameter #1</th><th>Parameter #2</th></tr><tr class="param stripe"><td>https://dex-trade-stage1.intary.net/info/terms-of-use</td><td>Screenshots_St1/</td></tr><tr><th colspan="2">Exception</th></tr><tr><td colspan="2"><div class="stacktrace">java.lang.AssertionError: *** Images are not similar *** expected [true] but found [false]
	at pages.pixel_perfect.PixelPerfectAssert.fullPage(PixelPerfectAssert.java:199)
	at tests.termsofUse.TermsOfUseAuth.termsOfUseTextPart6Auth(TermsOfUseAuth.java:112)
	at java.base/java.util.ArrayList.forEach(ArrayList.java:1541)
	at com.intellij.rt.testng.IDEARemoteTestNG.run(IDEARemoteTestNG.java:66)
	at com.intellij.rt.testng.RemoteTestNGStarter.main(RemoteTestNGStarter.java:109)
... Removed 27 stack frames</div></td></tr></table><p class="totop"><a href="#summary">back to summary</a></p>
<h3 id="m14">tests.termsofUse.TermsOfUseAuth#termsOfUseTextPart7Auth</h3><table class="result"><tr class="param"><th>Parameter #1</th><th>Parameter #2</th></tr><tr class="param stripe"><td>https://dex-trade-stage1.intary.net/info/terms-of-use</td><td>Screenshots_St1/</td></tr><tr><th colspan="2">Exception</th></tr><tr><td colspan="2"><div class="stacktrace">java.lang.AssertionError: *** Images are not similar *** expected [true] but found [false]
	at pages.pixel_perfect.PixelPerfectAssert.fullPage(PixelPerfectAssert.java:199)
	at tests.termsofUse.TermsOfUseAuth.termsOfUseTextPart7Auth(TermsOfUseAuth.java:125)
	at java.base/java.util.ArrayList.forEach(ArrayList.java:1541)
	at com.intellij.rt.testng.IDEARemoteTestNG.run(IDEARemoteTestNG.java:66)
	at com.intellij.rt.testng.RemoteTestNGStarter.main(RemoteTestNGStarter.java:109)
... Removed 27 stack frames</div></td></tr></table><p class="totop"><a href="#summary">back to summary</a></p>
<h3 id="m15">tests.termsofUse.TermsOfUseAuth#termsOfUseTextPart8Auth</h3><table class="result"><tr class="param"><th>Parameter #1</th><th>Parameter #2</th></tr><tr class="param stripe"><td>https://dex-trade-stage1.intary.net/info/terms-of-use</td><td>Screenshots_St1/</td></tr><tr><th colspan="2">Exception</th></tr><tr><td colspan="2"><div class="stacktrace">java.lang.AssertionError: *** Images are not similar *** expected [true] but found [false]
	at pages.pixel_perfect.PixelPerfectAssert.fullPage(PixelPerfectAssert.java:199)
	at tests.termsofUse.TermsOfUseAuth.termsOfUseTextPart8Auth(TermsOfUseAuth.java:138)
	at java.base/java.util.ArrayList.forEach(ArrayList.java:1541)
	at com.intellij.rt.testng.IDEARemoteTestNG.run(IDEARemoteTestNG.java:66)
	at com.intellij.rt.testng.RemoteTestNGStarter.main(RemoteTestNGStarter.java:109)
... Removed 27 stack frames</div></td></tr></table><p class="totop"><a href="#summary">back to summary</a></p>
<h3 id="m16">tests.termsofUse.TermsOfUseAuth#termsOfUseTextPart9Auth</h3><table class="result"><tr class="param"><th>Parameter #1</th><th>Parameter #2</th></tr><tr class="param stripe"><td>https://dex-trade-stage1.intary.net/info/terms-of-use</td><td>Screenshots_St1/</td></tr><tr><th colspan="2">Exception</th></tr><tr><td colspan="2"><div class="stacktrace">java.lang.AssertionError: *** Images are not similar *** expected [true] but found [false]
	at pages.pixel_perfect.PixelPerfectAssert.fullPage(PixelPerfectAssert.java:199)
	at tests.termsofUse.TermsOfUseAuth.termsOfUseTextPart9Auth(TermsOfUseAuth.java:151)
	at java.base/java.util.ArrayList.forEach(ArrayList.java:1541)
	at com.intellij.rt.testng.IDEARemoteTestNG.run(IDEARemoteTestNG.java:66)
	at com.intellij.rt.testng.RemoteTestNGStarter.main(RemoteTestNGStarter.java:109)
... Removed 27 stack frames</div></td></tr></table><p class="totop"><a href="#summary">back to summary</a></p>
<h3 id="m17">tests.termsofUse.TermsOfUseAuth#loginInToTheDexTrade</h3><table class="result"><tr class="param"><th>Parameter #1</th></tr><tr class="param stripe"><td>https://dex-trade-stage1.intary.net</td></tr></table><p class="totop"><a href="#summary">back to summary</a></p>
</body>
</html>
