<?xml version="1.0" encoding="UTF-8"?>
<!-- Generated by org.testng.reporters.JUnitXMLReporter -->
<testsuite ignored="0" hostname="Mac.local" failures="4" tests="10" name="ai-mood - Pixel perfect regression" time="47.873" errors="0" timestamp="2023-08-21T13:13:02 EEST">
  <testcase classname="tests.walletPageTests.AllPageChromeTests" name="allHeaderWalletPage" time="5.932"/>
  <testcase classname="tests.walletPageTests.AllPageChromeTests" name="getStartedHeaderWalletPage" time="3.622">
    <failure type="java.lang.AssertionError" message="*** Images are not similar *** expected [true] but found [false]">
      <![CDATA[java.lang.AssertionError: *** Images are not similar *** expected [true] but found [false]
at pages.pixel_perfect.PixelPerfectAssert.byElement(PixelPerfectAssert.java:109)
at tests.walletPageTests.AllPageChromeTests.getStartedHeaderWalletPage(AllPageChromeTests.java:45)
at java.base/java.util.ArrayList.forEach(ArrayList.java:1541)
at com.intellij.rt.testng.IDEARemoteTestNG.run(IDEARemoteTestNG.java:66)
at com.intellij.rt.testng.RemoteTestNGStarter.main(RemoteTestNGStarter.java:105)
... Removed 27 stack frames]]>
    </failure>
  </testcase> <!-- getStartedHeaderWalletPage -->
  <testcase classname="tests.walletPageTests.AllPageChromeTests" name="learnHeaderWalletPage" time="3.566">
    <failure type="java.lang.AssertionError" message="*** Images are not similar *** expected [true] but found [false]">
      <![CDATA[java.lang.AssertionError: *** Images are not similar *** expected [true] but found [false]
at pages.pixel_perfect.PixelPerfectAssert.byElement(PixelPerfectAssert.java:109)
at tests.walletPageTests.AllPageChromeTests.learnHeaderWalletPage(AllPageChromeTests.java:63)
at java.base/java.util.ArrayList.forEach(ArrayList.java:1541)
at com.intellij.rt.testng.IDEARemoteTestNG.run(IDEARemoteTestNG.java:66)
at com.intellij.rt.testng.RemoteTestNGStarter.main(RemoteTestNGStarter.java:105)
... Removed 27 stack frames]]>
    </failure>
  </testcase> <!-- learnHeaderWalletPage -->
  <testcase classname="tests.walletPageTests.AllPageChromeTests" name="resourcesHeaderWalletPage" time="3.558">
    <failure type="java.lang.AssertionError" message="*** Images are not similar *** expected [true] but found [false]">
      <![CDATA[java.lang.AssertionError: *** Images are not similar *** expected [true] but found [false]
at pages.pixel_perfect.PixelPerfectAssert.byElement(PixelPerfectAssert.java:109)
at tests.walletPageTests.AllPageChromeTests.resourcesHeaderWalletPage(AllPageChromeTests.java:81)
at java.base/java.util.ArrayList.forEach(ArrayList.java:1541)
at com.intellij.rt.testng.IDEARemoteTestNG.run(IDEARemoteTestNG.java:66)
at com.intellij.rt.testng.RemoteTestNGStarter.main(RemoteTestNGStarter.java:105)
... Removed 27 stack frames]]>
    </failure>
  </testcase> <!-- resourcesHeaderWalletPage -->
  <testcase classname="tests.walletPageTests.AllPageChromeTests" name="mainSectionWalletPage" time="4.951"/>
  <testcase classname="tests.walletPageTests.AllPageChromeTests" name="delegatedSectionWalletPage" time="5.53">
    <failure type="java.lang.AssertionError" message="*** Images are not similar *** expected [true] but found [false]">
      <![CDATA[java.lang.AssertionError: *** Images are not similar *** expected [true] but found [false]
at pages.pixel_perfect.PixelPerfectAssert.byElement(PixelPerfectAssert.java:109)
at tests.walletPageTests.AllPageChromeTests.delegatedSectionWalletPage(AllPageChromeTests.java:138)
at java.base/java.util.ArrayList.forEach(ArrayList.java:1541)
at com.intellij.rt.testng.IDEARemoteTestNG.run(IDEARemoteTestNG.java:66)
at com.intellij.rt.testng.RemoteTestNGStarter.main(RemoteTestNGStarter.java:105)
... Removed 27 stack frames]]>
    </failure>
  </testcase> <!-- delegatedSectionWalletPage -->
  <testcase classname="tests.walletPageTests.AllPageChromeTests" name="allFooterWalletPage" time="4.969"/>
  <testcase classname="tests.walletPageTests.AllPageChromeTests" name="partnFooterWalletPage" time="4.892"/>
  <testcase classname="tests.walletPageTests.AllPageChromeTests" name="subFooterWalletPage" time="4.874"/>
  <testcase classname="tests.walletPageTests.AllPageChromeTests" name="copFooterWalletPage" time="3.949"/>
</testsuite> <!-- ai-mood - Pixel perfect regression -->
