<?xml version="1.0" encoding="UTF-8"?>
<!-- Generated by org.testng.reporters.JUnitXMLReporter -->
<testsuite ignored="0" hostname="Huawei-PC" failures="17" tests="18" name="Dex-Trade - Pixel perfect regression" time="138.766" errors="0" timestamp="2023-07-28T15:47:07 EEST">
  <testcase classname="tests.termsofUse.TermsOfUseAuth" name="loginInToTheDexTrade" time="14.89"/>
  <testcase classname="tests.termsofUse.TermsOfUseAuth" name="termsOfUseHeaderTestAuth" time="10.303">
    <failure type="java.lang.AssertionError" message="*** Images are not similar *** expected [true] but found [false]">
      <![CDATA[java.lang.AssertionError: *** Images are not similar *** expected [true] but found [false]
at pages.pixel_perfect.PixelPerfectAssert.byElement(PixelPerfectAssert.java:109)
at tests.termsofUse.TermsOfUseAuth.termsOfUseHeaderTestAuth(TermsOfUseAuth.java:31)
at java.base/java.util.ArrayList.forEach(ArrayList.java:1541)
at com.intellij.rt.testng.IDEARemoteTestNG.run(IDEARemoteTestNG.java:66)
at com.intellij.rt.testng.RemoteTestNGStarter.main(RemoteTestNGStarter.java:109)
... Removed 27 stack frames]]>
    </failure>
  </testcase> <!-- termsOfUseHeaderTestAuth -->
  <testcase classname="tests.termsofUse.TermsOfUseAuth" name="termsOfUseTextPart1Auth" time="8.7">
    <failure type="java.lang.AssertionError" message="*** Images are not similar *** expected [true] but found [false]">
      <![CDATA[java.lang.AssertionError: *** Images are not similar *** expected [true] but found [false]
at pages.pixel_perfect.PixelPerfectAssert.fullPage(PixelPerfectAssert.java:199)
at tests.termsofUse.TermsOfUseAuth.termsOfUseTextPart1Auth(TermsOfUseAuth.java:43)
at java.base/java.util.ArrayList.forEach(ArrayList.java:1541)
at com.intellij.rt.testng.IDEARemoteTestNG.run(IDEARemoteTestNG.java:66)
at com.intellij.rt.testng.RemoteTestNGStarter.main(RemoteTestNGStarter.java:109)
... Removed 27 stack frames]]>
    </failure>
  </testcase> <!-- termsOfUseTextPart1Auth -->
  <testcase classname="tests.termsofUse.TermsOfUseAuth" name="termsOfUseTextPart2Auth" time="8.239">
    <failure type="java.lang.AssertionError" message="*** Images are not similar *** expected [true] but found [false]">
      <![CDATA[java.lang.AssertionError: *** Images are not similar *** expected [true] but found [false]
at pages.pixel_perfect.PixelPerfectAssert.fullPage(PixelPerfectAssert.java:199)
at tests.termsofUse.TermsOfUseAuth.termsOfUseTextPart2Auth(TermsOfUseAuth.java:56)
at java.base/java.util.ArrayList.forEach(ArrayList.java:1541)
at com.intellij.rt.testng.IDEARemoteTestNG.run(IDEARemoteTestNG.java:66)
at com.intellij.rt.testng.RemoteTestNGStarter.main(RemoteTestNGStarter.java:109)
... Removed 27 stack frames]]>
    </failure>
  </testcase> <!-- termsOfUseTextPart2Auth -->
  <testcase classname="tests.termsofUse.TermsOfUseAuth" name="termsOfUseTextPart3Auth" time="8.177">
    <failure type="java.lang.AssertionError" message="*** Images are not similar *** expected [true] but found [false]">
      <![CDATA[java.lang.AssertionError: *** Images are not similar *** expected [true] but found [false]
at pages.pixel_perfect.PixelPerfectAssert.fullPage(PixelPerfectAssert.java:199)
at tests.termsofUse.TermsOfUseAuth.termsOfUseTextPart3Auth(TermsOfUseAuth.java:70)
at java.base/java.util.ArrayList.forEach(ArrayList.java:1541)
at com.intellij.rt.testng.IDEARemoteTestNG.run(IDEARemoteTestNG.java:66)
at com.intellij.rt.testng.RemoteTestNGStarter.main(RemoteTestNGStarter.java:109)
... Removed 27 stack frames]]>
    </failure>
  </testcase> <!-- termsOfUseTextPart3Auth -->
  <testcase classname="tests.termsofUse.TermsOfUseAuth" name="termsOfUseTextPart4Auth" time="8.139">
    <failure type="java.lang.AssertionError" message="*** Images are not similar *** expected [true] but found [false]">
      <![CDATA[java.lang.AssertionError: *** Images are not similar *** expected [true] but found [false]
at pages.pixel_perfect.PixelPerfectAssert.fullPage(PixelPerfectAssert.java:199)
at tests.termsofUse.TermsOfUseAuth.termsOfUseTextPart4Auth(TermsOfUseAuth.java:84)
at java.base/java.util.ArrayList.forEach(ArrayList.java:1541)
at com.intellij.rt.testng.IDEARemoteTestNG.run(IDEARemoteTestNG.java:66)
at com.intellij.rt.testng.RemoteTestNGStarter.main(RemoteTestNGStarter.java:109)
... Removed 27 stack frames]]>
    </failure>
  </testcase> <!-- termsOfUseTextPart4Auth -->
  <testcase classname="tests.termsofUse.TermsOfUseAuth" name="termsOfUseTextPart5Auth" time="8.408">
    <failure type="java.lang.AssertionError" message="*** Images are not similar *** expected [true] but found [false]">
      <![CDATA[java.lang.AssertionError: *** Images are not similar *** expected [true] but found [false]
at pages.pixel_perfect.PixelPerfectAssert.fullPage(PixelPerfectAssert.java:199)
at tests.termsofUse.TermsOfUseAuth.termsOfUseTextPart5Auth(TermsOfUseAuth.java:98)
at java.base/java.util.ArrayList.forEach(ArrayList.java:1541)
at com.intellij.rt.testng.IDEARemoteTestNG.run(IDEARemoteTestNG.java:66)
at com.intellij.rt.testng.RemoteTestNGStarter.main(RemoteTestNGStarter.java:109)
... Removed 27 stack frames]]>
    </failure>
  </testcase> <!-- termsOfUseTextPart5Auth -->
  <testcase classname="tests.termsofUse.TermsOfUseAuth" name="termsOfUseTextPart6Auth" time="8.312">
    <failure type="java.lang.AssertionError" message="*** Images are not similar *** expected [true] but found [false]">
      <![CDATA[java.lang.AssertionError: *** Images are not similar *** expected [true] but found [false]
at pages.pixel_perfect.PixelPerfectAssert.fullPage(PixelPerfectAssert.java:199)
at tests.termsofUse.TermsOfUseAuth.termsOfUseTextPart6Auth(TermsOfUseAuth.java:112)
at java.base/java.util.ArrayList.forEach(ArrayList.java:1541)
at com.intellij.rt.testng.IDEARemoteTestNG.run(IDEARemoteTestNG.java:66)
at com.intellij.rt.testng.RemoteTestNGStarter.main(RemoteTestNGStarter.java:109)
... Removed 27 stack frames]]>
    </failure>
  </testcase> <!-- termsOfUseTextPart6Auth -->
  <testcase classname="tests.termsofUse.TermsOfUseAuth" name="termsOfUseTextPart7Auth" time="8.164">
    <failure type="java.lang.AssertionError" message="*** Images are not similar *** expected [true] but found [false]">
      <![CDATA[java.lang.AssertionError: *** Images are not similar *** expected [true] but found [false]
at pages.pixel_perfect.PixelPerfectAssert.fullPage(PixelPerfectAssert.java:199)
at tests.termsofUse.TermsOfUseAuth.termsOfUseTextPart7Auth(TermsOfUseAuth.java:125)
at java.base/java.util.ArrayList.forEach(ArrayList.java:1541)
at com.intellij.rt.testng.IDEARemoteTestNG.run(IDEARemoteTestNG.java:66)
at com.intellij.rt.testng.RemoteTestNGStarter.main(RemoteTestNGStarter.java:109)
... Removed 27 stack frames]]>
    </failure>
  </testcase> <!-- termsOfUseTextPart7Auth -->
  <testcase classname="tests.termsofUse.TermsOfUseAuth" name="termsOfUseTextPart8Auth" time="8.129">
    <failure type="java.lang.AssertionError" message="*** Images are not similar *** expected [true] but found [false]">
      <![CDATA[java.lang.AssertionError: *** Images are not similar *** expected [true] but found [false]
at pages.pixel_perfect.PixelPerfectAssert.fullPage(PixelPerfectAssert.java:199)
at tests.termsofUse.TermsOfUseAuth.termsOfUseTextPart8Auth(TermsOfUseAuth.java:138)
at java.base/java.util.ArrayList.forEach(ArrayList.java:1541)
at com.intellij.rt.testng.IDEARemoteTestNG.run(IDEARemoteTestNG.java:66)
at com.intellij.rt.testng.RemoteTestNGStarter.main(RemoteTestNGStarter.java:109)
... Removed 27 stack frames]]>
    </failure>
  </testcase> <!-- termsOfUseTextPart8Auth -->
  <testcase classname="tests.termsofUse.TermsOfUseAuth" name="termsOfUseTextPart9Auth" time="3.46">
    <failure type="java.lang.AssertionError" message="*** Images are not similar *** expected [true] but found [false]">
      <![CDATA[java.lang.AssertionError: *** Images are not similar *** expected [true] but found [false]
at pages.pixel_perfect.PixelPerfectAssert.fullPage(PixelPerfectAssert.java:199)
at tests.termsofUse.TermsOfUseAuth.termsOfUseTextPart9Auth(TermsOfUseAuth.java:151)
at java.base/java.util.ArrayList.forEach(ArrayList.java:1541)
at com.intellij.rt.testng.IDEARemoteTestNG.run(IDEARemoteTestNG.java:66)
at com.intellij.rt.testng.RemoteTestNGStarter.main(RemoteTestNGStarter.java:109)
... Removed 27 stack frames]]>
    </failure>
  </testcase> <!-- termsOfUseTextPart9Auth -->
  <testcase classname="tests.termsofUse.TermsOfUseAuth" name="termsOfUseTextPart10Auth" time="3.793">
    <failure type="java.lang.AssertionError" message="*** Images are not similar *** expected [true] but found [false]">
      <![CDATA[java.lang.AssertionError: *** Images are not similar *** expected [true] but found [false]
at pages.pixel_perfect.PixelPerfectAssert.fullPage(PixelPerfectAssert.java:199)
at tests.termsofUse.TermsOfUseAuth.termsOfUseTextPart10Auth(TermsOfUseAuth.java:164)
at java.base/java.util.ArrayList.forEach(ArrayList.java:1541)
at com.intellij.rt.testng.IDEARemoteTestNG.run(IDEARemoteTestNG.java:66)
at com.intellij.rt.testng.RemoteTestNGStarter.main(RemoteTestNGStarter.java:109)
... Removed 27 stack frames]]>
    </failure>
  </testcase> <!-- termsOfUseTextPart10Auth -->
  <testcase classname="tests.termsofUse.TermsOfUseAuth" name="termsOfUseTextPart11Auth" time="3.027">
    <failure type="java.lang.AssertionError" message="*** Images are not similar *** expected [true] but found [false]">
      <![CDATA[java.lang.AssertionError: *** Images are not similar *** expected [true] but found [false]
at pages.pixel_perfect.PixelPerfectAssert.fullPage(PixelPerfectAssert.java:199)
at tests.termsofUse.TermsOfUseAuth.termsOfUseTextPart11Auth(TermsOfUseAuth.java:177)
at java.base/java.util.ArrayList.forEach(ArrayList.java:1541)
at com.intellij.rt.testng.IDEARemoteTestNG.run(IDEARemoteTestNG.java:66)
at com.intellij.rt.testng.RemoteTestNGStarter.main(RemoteTestNGStarter.java:109)
... Removed 27 stack frames]]>
    </failure>
  </testcase> <!-- termsOfUseTextPart11Auth -->
  <testcase classname="tests.termsofUse.TermsOfUseAuth" name="termsOfUseTextPart12Auth" time="3.419">
    <failure type="java.lang.AssertionError" message="*** Images are not similar *** expected [true] but found [false]">
      <![CDATA[java.lang.AssertionError: *** Images are not similar *** expected [true] but found [false]
at pages.pixel_perfect.PixelPerfectAssert.fullPage(PixelPerfectAssert.java:199)
at tests.termsofUse.TermsOfUseAuth.termsOfUseTextPart12Auth(TermsOfUseAuth.java:190)
at java.base/java.util.ArrayList.forEach(ArrayList.java:1541)
at com.intellij.rt.testng.IDEARemoteTestNG.run(IDEARemoteTestNG.java:66)
at com.intellij.rt.testng.RemoteTestNGStarter.main(RemoteTestNGStarter.java:109)
... Removed 27 stack frames]]>
    </failure>
  </testcase> <!-- termsOfUseTextPart12Auth -->
  <testcase classname="tests.termsofUse.TermsOfUseAuth" name="termsOfUseTextPart13Auth" time="3.096">
    <failure type="java.lang.AssertionError" message="*** Images are not similar *** expected [true] but found [false]">
      <![CDATA[java.lang.AssertionError: *** Images are not similar *** expected [true] but found [false]
at pages.pixel_perfect.PixelPerfectAssert.fullPage(PixelPerfectAssert.java:199)
at tests.termsofUse.TermsOfUseAuth.termsOfUseTextPart13Auth(TermsOfUseAuth.java:203)
at java.base/java.util.ArrayList.forEach(ArrayList.java:1541)
at com.intellij.rt.testng.IDEARemoteTestNG.run(IDEARemoteTestNG.java:66)
at com.intellij.rt.testng.RemoteTestNGStarter.main(RemoteTestNGStarter.java:109)
... Removed 27 stack frames]]>
    </failure>
  </testcase> <!-- termsOfUseTextPart13Auth -->
  <testcase classname="tests.termsofUse.TermsOfUseAuth" name="termsOfUseFooterAuth" time="7.197">
    <failure type="java.lang.AssertionError" message="*** Images are not similar *** expected [true] but found [false]">
      <![CDATA[java.lang.AssertionError: *** Images are not similar *** expected [true] but found [false]
at pages.pixel_perfect.PixelPerfectAssert.byElement(PixelPerfectAssert.java:109)
at tests.termsofUse.TermsOfUseAuth.termsOfUseFooterAuth(TermsOfUseAuth.java:220)
at java.base/java.util.ArrayList.forEach(ArrayList.java:1541)
at com.intellij.rt.testng.IDEARemoteTestNG.run(IDEARemoteTestNG.java:66)
at com.intellij.rt.testng.RemoteTestNGStarter.main(RemoteTestNGStarter.java:109)
... Removed 27 stack frames]]>
    </failure>
  </testcase> <!-- termsOfUseFooterAuth -->
  <testcase classname="tests.termsofUse.TermsOfUseAuth" name="termsOfUseFooterDropDownPart1Auth" time="9.482">
    <failure type="java.lang.AssertionError" message="*** Images are not similar *** expected [true] but found [false]">
      <![CDATA[java.lang.AssertionError: *** Images are not similar *** expected [true] but found [false]
at pages.pixel_perfect.PixelPerfectAssert.byElement(PixelPerfectAssert.java:109)
at tests.termsofUse.TermsOfUseAuth.termsOfUseFooterDropDownPart1Auth(TermsOfUseAuth.java:236)
at java.base/java.util.ArrayList.forEach(ArrayList.java:1541)
at com.intellij.rt.testng.IDEARemoteTestNG.run(IDEARemoteTestNG.java:66)
at com.intellij.rt.testng.RemoteTestNGStarter.main(RemoteTestNGStarter.java:109)
... Removed 27 stack frames]]>
    </failure>
  </testcase> <!-- termsOfUseFooterDropDownPart1Auth -->
  <testcase classname="tests.termsofUse.TermsOfUseAuth" name="termsOfUseFooterDropDownPart2Auth" time="9.487">
    <failure type="java.lang.AssertionError" message="*** Images are not similar *** expected [true] but found [false]">
      <![CDATA[java.lang.AssertionError: *** Images are not similar *** expected [true] but found [false]
at pages.pixel_perfect.PixelPerfectAssert.byElement(PixelPerfectAssert.java:109)
at tests.termsofUse.TermsOfUseAuth.termsOfUseFooterDropDownPart2Auth(TermsOfUseAuth.java:255)
at java.base/java.util.ArrayList.forEach(ArrayList.java:1541)
at com.intellij.rt.testng.IDEARemoteTestNG.run(IDEARemoteTestNG.java:66)
at com.intellij.rt.testng.RemoteTestNGStarter.main(RemoteTestNGStarter.java:109)
... Removed 27 stack frames]]>
    </failure>
  </testcase> <!-- termsOfUseFooterDropDownPart2Auth -->
</testsuite> <!-- Dex-Trade - Pixel perfect regression -->
